[2025-01-03 15:58:32] INFO: ::1 - - [03/Jan/2025:10:28:32 +0000] "GET /user/profile HTTP/1.1" 200 59 "-" "PostmanRuntime/7.43.0"
[2025-01-03 16:06:06] INFO: ::1 - - [03/Jan/2025:10:36:06 +0000] "GET /user/profile HTTP/1.1" 200 59 "-" "PostmanRuntime/7.43.0"
[2025-01-03 16:06:07] INFO: ::1 - - [03/Jan/2025:10:36:07 +0000] "GET /user/profile HTTP/1.1" 200 59 "-" "PostmanRuntime/7.43.0"
[2025-01-03 18:04:52] INFO: ::1 - - [03/Jan/2025:12:34:52 +0000] "GET /user/profile HTTP/1.1" 401 25 "-" "PostmanRuntime/7.43.0"
[2025-01-03 18:05:10] INFO: ::1 - - [03/Jan/2025:12:35:10 +0000] "GET /user/profile HTTP/1.1" 401 25 "-" "PostmanRuntime/7.43.0"
[2025-01-03 18:05:12] INFO: ::1 - - [03/Jan/2025:12:35:12 +0000] "GET /user/profile HTTP/1.1" 401 25 "-" "PostmanRuntime/7.43.0"
[2025-01-03 18:05:18] INFO: ::1 - - [03/Jan/2025:12:35:18 +0000] "GET /user/profile HTTP/1.1" 401 25 "-" "PostmanRuntime/7.43.0"
[2025-01-03 18:05:29] INFO: ::1 - - [03/Jan/2025:12:35:29 +0000] "GET /user/profile HTTP/1.1" 401 25 "-" "PostmanRuntime/7.43.0"











[2025-01-06 10:38:30] INFO: ::1 - - [06/Jan/2025:05:08:30 +0000] "POST /user/signup HTTP/1.1" 200 480 "-" "PostmanRuntime/7.43.0"
[2025-01-06 10:39:01] INFO: ::1 - - [06/Jan/2025:05:09:01 +0000] "POST /user/login HTTP/1.1" 200 183 "-" "PostmanRuntime/7.43.0"
[2025-01-06 10:39:13] INFO: ::1 - - [06/Jan/2025:05:09:13 +0000] "POST /user/login HTTP/1.1" 200 183 "-" "PostmanRuntime/7.43.0"
[2025-01-06 10:39:22] INFO: ::1 - - [06/Jan/2025:05:09:22 +0000] "POST /user/login HTTP/1.1" 200 183 "-" "PostmanRuntime/7.43.0"
[2025-01-06 10:39:30] INFO: ::1 - - [06/Jan/2025:05:09:30 +0000] "POST /user/login HTTP/1.1" 200 183 "-" "PostmanRuntime/7.43.0"
[2025-01-06 10:39:32] INFO: ::1 - - [06/Jan/2025:05:09:32 +0000] "POST /user/login HTTP/1.1" 200 183 "-" "PostmanRuntime/7.43.0"
[2025-01-06 10:39:39] INFO: ::1 - - [06/Jan/2025:05:09:39 +0000] "GET /user/profile HTTP/1.1" 401 27 "-" "PostmanRuntime/7.43.0"
[2025-01-06 10:40:07] INFO: ::1 - - [06/Jan/2025:05:10:07 +0000] "POST /user/login HTTP/1.1" 500 43 "-" "PostmanRuntime/7.43.0"
[2025-01-06 10:40:16] INFO: ::1 - - [06/Jan/2025:05:10:16 +0000] "POST /user/login HTTP/1.1" 500 43 "-" "PostmanRuntime/7.43.0"
[2025-01-06 10:40:20] INFO: ::1 - - [06/Jan/2025:05:10:20 +0000] "POST /user/login HTTP/1.1" 500 43 "-" "PostmanRuntime/7.43.0"
[2025-01-06 10:40:25] INFO: ::1 - - [06/Jan/2025:05:10:25 +0000] "POST /user/login HTTP/1.1" 500 43 "-" "PostmanRuntime/7.43.0"
[2025-01-06 10:40:33] INFO: ::1 - - [06/Jan/2025:05:10:33 +0000] "POST /user/login HTTP/1.1" 500 43 "-" "PostmanRuntime/7.43.0"
[2025-01-06 10:40:51] INFO: ::1 - - [06/Jan/2025:05:10:51 +0000] "POST /user/login HTTP/1.1" 500 43 "-" "PostmanRuntime/7.43.0"
[2025-01-06 10:42:00] INFO: ::1 - - [06/Jan/2025:05:12:00 +0000] "POST /user/signup HTTP/1.1" 200 485 "-" "PostmanRuntime/7.43.0"
[2025-01-06 10:42:16] INFO: ::1 - - [06/Jan/2025:05:12:16 +0000] "GET /user/profile HTTP/1.1" 200 59 "-" "PostmanRuntime/7.43.0"
[2025-01-06 10:42:42] INFO: ::1 - - [06/Jan/2025:05:12:42 +0000] "PUT /user/profile/password HTTP/1.1" 200 43 "-" "PostmanRuntime/7.43.0"
[2025-01-06 10:43:00] INFO: ::1 - - [06/Jan/2025:05:13:00 +0000] "PUT /user/profile/password HTTP/1.1" 500 41 "-" "PostmanRuntime/7.43.0"
[2025-01-06 10:43:09] INFO: ::1 - - [06/Jan/2025:05:13:09 +0000] "PUT /user/profile/password HTTP/1.1" 500 41 "-" "PostmanRuntime/7.43.0"
[2025-01-06 10:43:18] INFO: ::1 - - [06/Jan/2025:05:13:18 +0000] "PUT /user/profile/password HTTP/1.1" 500 41 "-" "PostmanRuntime/7.43.0"
[2025-01-06 10:43:25] INFO: ::1 - - [06/Jan/2025:05:13:25 +0000] "PUT /user/profile/password HTTP/1.1" 500 41 "-" "PostmanRuntime/7.43.0"
[2025-01-06 10:43:32] INFO: ::1 - - [06/Jan/2025:05:13:32 +0000] "PUT /user/profile/password HTTP/1.1" 500 41 "-" "PostmanRuntime/7.43.0"
[2025-01-06 10:44:05] INFO: ::1 - - [06/Jan/2025:05:14:05 +0000] "POST /user/signup HTTP/1.1" 200 485 "-" "PostmanRuntime/7.43.0"
[2025-01-06 10:45:50] INFO: ::1 - - [06/Jan/2025:05:15:50 +0000] "POST /user/signup HTTP/1.1" 200 485 "-" "PostmanRuntime/7.43.0"
[2025-01-06 10:46:37] INFO: ::1 - - [06/Jan/2025:05:16:37 +0000] "PUT /user/profile/password HTTP/1.1" 200 43 "-" "PostmanRuntime/7.43.0"
[2025-01-06 10:46:51] INFO: ::1 - - [06/Jan/2025:05:16:51 +0000] "PUT /user/profile/password HTTP/1.1" 500 41 "-" "PostmanRuntime/7.43.0"
[2025-01-06 10:46:57] INFO: ::1 - - [06/Jan/2025:05:16:57 +0000] "PUT /user/profile/password HTTP/1.1" 500 41 "-" "PostmanRuntime/7.43.0"
[2025-01-06 10:47:12] INFO: ::1 - - [06/Jan/2025:05:17:12 +0000] "POST /user/signup HTTP/1.1" 500 137 "-" "PostmanRuntime/7.43.0"
[2025-01-06 10:47:59] INFO: ::1 - - [06/Jan/2025:05:17:59 +0000] "POST /user/login HTTP/1.1" 500 28 "-" "PostmanRuntime/7.43.0"
[2025-01-06 10:48:07] INFO: ::1 - - [06/Jan/2025:05:18:07 +0000] "POST /user/login HTTP/1.1" 500 28 "-" "PostmanRuntime/7.43.0"
[2025-01-06 10:48:16] INFO: ::1 - - [06/Jan/2025:05:18:16 +0000] "POST /user/login HTTP/1.1" 500 28 "-" "PostmanRuntime/7.43.0"
[2025-01-06 10:48:26] INFO: ::1 - - [06/Jan/2025:05:18:26 +0000] "POST /user/login HTTP/1.1" 500 28 "-" "PostmanRuntime/7.43.0"
[2025-01-06 10:48:27] INFO: ::1 - - [06/Jan/2025:05:18:27 +0000] "POST /user/login HTTP/1.1" 500 28 "-" "PostmanRuntime/7.43.0"
[2025-01-06 10:48:40] INFO: ::1 - - [06/Jan/2025:05:18:40 +0000] "POST /user/signup HTTP/1.1" 200 485 "-" "PostmanRuntime/7.43.0"
[2025-01-06 10:49:06] INFO: ::1 - - [06/Jan/2025:05:19:06 +0000] "POST /user/login HTTP/1.1" 200 183 "-" "PostmanRuntime/7.43.0"
[2025-01-06 10:49:12] INFO: ::1 - - [06/Jan/2025:05:19:12 +0000] "POST /user/login HTTP/1.1" 200 183 "-" "PostmanRuntime/7.43.0"
[2025-01-06 10:49:14] INFO: ::1 - - [06/Jan/2025:05:19:14 +0000] "POST /user/login HTTP/1.1" 200 183 "-" "PostmanRuntime/7.43.0"
[2025-01-06 10:49:32] INFO: ::1 - - [06/Jan/2025:05:19:32 +0000] "GET /user/profile HTTP/1.1" 200 59 "-" "PostmanRuntime/7.43.0"
[2025-01-06 10:49:54] INFO: ::1 - - [06/Jan/2025:05:19:54 +0000] "POST /candidate/ HTTP/1.1" 401 25 "-" "PostmanRuntime/7.43.0"
[2025-01-06 10:50:03] INFO: ::1 - - [06/Jan/2025:05:20:03 +0000] "POST /candidate/ HTTP/1.1" 403 43 "-" "PostmanRuntime/7.43.0"
[2025-01-06 10:50:43] INFO: ::1 - - [06/Jan/2025:05:20:43 +0000] "POST /user/signup HTTP/1.1" 200 485 "-" "PostmanRuntime/7.43.0"
[2025-01-06 10:50:57] INFO: ::1 - - [06/Jan/2025:05:20:57 +0000] "POST /candidate/ HTTP/1.1" 500 34 "-" "PostmanRuntime/7.43.0"
[2025-01-06 10:51:18] INFO: ::1 - - [06/Jan/2025:05:21:18 +0000] "POST /candidate/ HTTP/1.1" 200 132 "-" "PostmanRuntime/7.43.0"
[2025-01-06 10:51:25] INFO: ::1 - - [06/Jan/2025:05:21:25 +0000] "GET /candidate/vote/count HTTP/1.1" 200 84 "-" "PostmanRuntime/7.43.0"
[2025-01-06 10:51:49] INFO: ::1 - - [06/Jan/2025:05:21:49 +0000] "POST /candidate/vote/677b684edef783791a10c6d5 HTTP/1.1" 401 25 "-" "PostmanRuntime/7.43.0"
[2025-01-06 10:52:25] INFO: ::1 - - [06/Jan/2025:05:22:25 +0000] "POST /user/signup HTTP/1.1" 200 482 "-" "PostmanRuntime/7.43.0"
[2025-01-06 10:52:34] INFO: ::1 - - [06/Jan/2025:05:22:34 +0000] "POST /candidate/vote/677b684edef783791a10c6d5 HTTP/1.1" 500 63 "-" "PostmanRuntime/7.43.0"
[2025-01-06 10:52:35] INFO: ::1 - - [06/Jan/2025:05:22:35 +0000] "POST /candidate/vote/677b684edef783791a10c6d5 HTTP/1.1" 500 63 "-" "PostmanRuntime/7.43.0"
[2025-01-06 10:52:57] INFO: ::1 - - [06/Jan/2025:05:22:57 +0000] "POST /user/signup HTTP/1.1" 200 482 "-" "PostmanRuntime/7.43.0"
[2025-01-06 10:53:10] INFO: ::1 - - [06/Jan/2025:05:23:10 +0000] "POST /candidate/vote/677b684edef783791a10c6d5 HTTP/1.1" 200 40 "-" "PostmanRuntime/7.43.0"
[2025-01-06 10:54:05] INFO: ::1 - - [06/Jan/2025:05:24:05 +0000] "POST /user/login HTTP/1.1" 200 183 "-" "PostmanRuntime/7.43.0"
[2025-01-06 10:54:19] INFO: ::1 - - [06/Jan/2025:05:24:19 +0000] "PUT /candidate/67776de2ccefcb306ccd3969 HTTP/1.1" 200 226 "-" "PostmanRuntime/7.43.0"
[2025-01-06 10:54:35] INFO: ::1 - - [06/Jan/2025:05:24:35 +0000] "PUT /candidate/67776de2ccefcb306ccd3969 HTTP/1.1" 200 224 "-" "PostmanRuntime/7.43.0"
[2025-01-06 12:44:01] INFO: ::1 - - [06/Jan/2025:07:14:01 +0000] "GET /candidate/candidatedetail HTTP/1.1" 401 27 "-" "PostmanRuntime/7.43.0"
[2025-01-06 12:44:53] INFO: ::1 - - [06/Jan/2025:07:14:53 +0000] "POST /user/login HTTP/1.1" 200 183 "-" "PostmanRuntime/7.43.0"
[2025-01-06 12:44:56] INFO: ::1 - - [06/Jan/2025:07:14:56 +0000] "POST /user/login HTTP/1.1" 200 183 "-" "PostmanRuntime/7.43.0"
[2025-01-06 12:45:09] INFO: ::1 - - [06/Jan/2025:07:15:09 +0000] "GET /candidate/candidatedetail HTTP/1.1" 500 38 "-" "PostmanRuntime/7.43.0"
[2025-01-06 12:47:10] INFO: ::1 - - [06/Jan/2025:07:17:10 +0000] "GET /candidate/candidatedetail HTTP/1.1" 500 66 "-" "PostmanRuntime/7.43.0"
[2025-01-06 12:50:53] INFO: ::1 - - [06/Jan/2025:07:20:53 +0000] "GET /candidate/candidatedetail HTTP/1.1" 500 42 "-" "PostmanRuntime/7.43.0"
[2025-01-06 12:51:06] INFO: ::1 - - [06/Jan/2025:07:21:06 +0000] "GET /candidate/Candidatedetail HTTP/1.1" 500 42 "-" "PostmanRuntime/7.43.0"
[2025-01-06 12:57:28] INFO: ::1 - - [06/Jan/2025:07:27:28 +0000] "GET /candidate/Candidatedetail HTTP/1.1" 500 38 "-" "PostmanRuntime/7.43.0"
[2025-01-06 14:09:56] INFO: ::1 - - [06/Jan/2025:08:39:56 +0000] "GET /candidate/Candidatedetail HTTP/1.1" 401 25 "-" "PostmanRuntime/7.43.0"
[2025-01-06 14:10:51] INFO: ::1 - - [06/Jan/2025:08:40:51 +0000] "POST /user/login HTTP/1.1" 200 183 "-" "PostmanRuntime/7.43.0"
[2025-01-06 14:11:12] INFO: ::1 - - [06/Jan/2025:08:41:12 +0000] "GET /candidate/Candidatedetail HTTP/1.1" 500 38 "-" "PostmanRuntime/7.43.0"
[2025-01-06 14:19:47] INFO: ::1 - - [06/Jan/2025:08:49:47 +0000] "GET /candidate/Candidatedetail HTTP/1.1" 500 31 "-" "PostmanRuntime/7.43.0"
[2025-01-06 14:26:53] INFO: ::1 - - [06/Jan/2025:08:56:53 +0000] "GET /candidate/Candidatedetail HTTP/1.1" 500 31 "-" "PostmanRuntime/7.43.0"
[2025-01-06 14:32:53] INFO: ::1 - - [06/Jan/2025:09:02:53 +0000] "GET /candidate/Candidatedetail HTTP/1.1" 500 42 "-" "PostmanRuntime/7.43.0"
[2025-01-06 14:32:56] INFO: ::1 - - [06/Jan/2025:09:02:56 +0000] "GET /candidate/Candidatedetail HTTP/1.1" 500 42 "-" "PostmanRuntime/7.43.0"
[2025-01-06 14:35:24] INFO: ::1 - - [06/Jan/2025:09:05:24 +0000] "GET /candidate/Candidatedetail HTTP/1.1" 500 42 "-" "PostmanRuntime/7.43.0"
[2025-01-06 14:36:12] INFO: ::1 - - [06/Jan/2025:09:06:12 +0000] "GET /candidate/Candidatedetail HTTP/1.1" 500 42 "-" "PostmanRuntime/7.43.0"
[2025-01-06 14:38:03] INFO: ::1 - - [06/Jan/2025:09:08:03 +0000] "GET /candidate/candidatedetail/67776de2ccefcb306ccd3969 HTTP/1.1" 404 189 "-" "PostmanRuntime/7.43.0"
[2025-01-06 14:58:19] INFO: ::1 - - [06/Jan/2025:09:28:19 +0000] "GET /candidate/candidates HTTP/1.1" 500 39 "-" "PostmanRuntime/7.43.0"
[2025-01-06 14:58:37] INFO: ::1 - - [06/Jan/2025:09:28:37 +0000] "GET /candidate/candidates HTTP/1.1" 500 39 "-" "PostmanRuntime/7.43.0"
[2025-01-06 14:59:26] INFO: ::1 - - [06/Jan/2025:09:29:26 +0000] "GET /candidate/candidates HTTP/1.1" 200 175 "-" "PostmanRuntime/7.43.0"
[2025-01-06 15:03:32] INFO: ::1 - - [06/Jan/2025:09:33:32 +0000] "GET /candidate/candidates HTTP/1.1" 401 25 "-" "PostmanRuntime/7.43.0"
[2025-01-06 15:03:49] INFO: ::1 - - [06/Jan/2025:09:33:49 +0000] "POST /user/login HTTP/1.1" 200 183 "-" "PostmanRuntime/7.43.0"
[2025-01-06 15:04:28] INFO: ::1 - - [06/Jan/2025:09:34:28 +0000] "GET /candidate/candidates HTTP/1.1" 200 175 "-" "PostmanRuntime/7.43.0"
[2025-01-06 15:05:26] INFO: ::1 - - [06/Jan/2025:09:35:26 +0000] "GET /candidate/candidates HTTP/1.1" 200 175 "-" "PostmanRuntime/7.43.0"
[2025-01-06 15:05:32] INFO: ::1 - - [06/Jan/2025:09:35:32 +0000] "GET /candidate/candidates HTTP/1.1" 401 27 "-" "PostmanRuntime/7.43.0"
[2025-01-06 15:05:34] INFO: ::1 - - [06/Jan/2025:09:35:34 +0000] "GET /candidate/candidates HTTP/1.1" 401 27 "-" "PostmanRuntime/7.43.0"
[2025-01-06 15:05:38] INFO: ::1 - - [06/Jan/2025:09:35:38 +0000] "GET /candidate/candidates HTTP/1.1" 200 175 "-" "PostmanRuntime/7.43.0"
[2025-01-06 15:12:22] INFO: ::1 - - [06/Jan/2025:09:42:22 +0000] "GET /candidate/candidates HTTP/1.1" 200 175 "-" "PostmanRuntime/7.43.0"
[2025-01-06 15:12:24] INFO: ::1 - - [06/Jan/2025:09:42:24 +0000] "GET /candidate/candidates HTTP/1.1" 200 175 "-" "PostmanRuntime/7.43.0"
[2025-01-06 15:31:00] INFO: ::1 - - [06/Jan/2025:10:01:00 +0000] "GET /candidate/candidates HTTP/1.1" 200 175 "-" "PostmanRuntime/7.43.0"
